

Started GET "/" for 127.0.0.1 at 2014-09-09 13:52:32 -0600

ActiveRecord::NoDatabaseError (FATAL:  database "brains-warmup_development" does not exist
Run `$ bin/rake db:create db:migrate` to create your database):
  activerecord (4.1.5) lib/active_record/connection_adapters/postgresql_adapter.rb:898:in `rescue in connect'
  activerecord (4.1.5) lib/active_record/connection_adapters/postgresql_adapter.rb:888:in `connect'
  activerecord (4.1.5) lib/active_record/connection_adapters/postgresql_adapter.rb:568:in `initialize'
  activerecord (4.1.5) lib/active_record/connection_adapters/postgresql_adapter.rb:41:in `new'
  activerecord (4.1.5) lib/active_record/connection_adapters/postgresql_adapter.rb:41:in `postgresql_connection'
  activerecord (4.1.5) lib/active_record/connection_adapters/abstract/connection_pool.rb:435:in `new_connection'
  activerecord (4.1.5) lib/active_record/connection_adapters/abstract/connection_pool.rb:445:in `checkout_new_connection'
  activerecord (4.1.5) lib/active_record/connection_adapters/abstract/connection_pool.rb:416:in `acquire_connection'
  activerecord (4.1.5) lib/active_record/connection_adapters/abstract/connection_pool.rb:351:in `block in checkout'
  /Users/lukebartel/.rvm/rubies/ruby-2.1.1/lib/ruby/2.1.0/monitor.rb:211:in `mon_synchronize'
  activerecord (4.1.5) lib/active_record/connection_adapters/abstract/connection_pool.rb:350:in `checkout'
  activerecord (4.1.5) lib/active_record/connection_adapters/abstract/connection_pool.rb:265:in `block in connection'
  /Users/lukebartel/.rvm/rubies/ruby-2.1.1/lib/ruby/2.1.0/monitor.rb:211:in `mon_synchronize'
  activerecord (4.1.5) lib/active_record/connection_adapters/abstract/connection_pool.rb:264:in `connection'
  activerecord (4.1.5) lib/active_record/connection_adapters/abstract/connection_pool.rb:541:in `retrieve_connection'
  activerecord (4.1.5) lib/active_record/connection_handling.rb:113:in `retrieve_connection'
  activerecord (4.1.5) lib/active_record/connection_handling.rb:87:in `connection'
  activerecord (4.1.5) lib/active_record/migration.rb:388:in `check_pending!'
  activerecord (4.1.5) lib/active_record/migration.rb:377:in `call'
  actionpack (4.1.5) lib/action_dispatch/middleware/callbacks.rb:29:in `block in call'
  activesupport (4.1.5) lib/active_support/callbacks.rb:82:in `run_callbacks'
  actionpack (4.1.5) lib/action_dispatch/middleware/callbacks.rb:27:in `call'
  actionpack (4.1.5) lib/action_dispatch/middleware/reloader.rb:73:in `call'
  actionpack (4.1.5) lib/action_dispatch/middleware/remote_ip.rb:76:in `call'
  actionpack (4.1.5) lib/action_dispatch/middleware/debug_exceptions.rb:17:in `call'
  actionpack (4.1.5) lib/action_dispatch/middleware/show_exceptions.rb:30:in `call'
  railties (4.1.5) lib/rails/rack/logger.rb:38:in `call_app'
  railties (4.1.5) lib/rails/rack/logger.rb:20:in `block in call'
  activesupport (4.1.5) lib/active_support/tagged_logging.rb:68:in `block in tagged'
  activesupport (4.1.5) lib/active_support/tagged_logging.rb:26:in `tagged'
  activesupport (4.1.5) lib/active_support/tagged_logging.rb:68:in `tagged'
  railties (4.1.5) lib/rails/rack/logger.rb:20:in `call'
  actionpack (4.1.5) lib/action_dispatch/middleware/request_id.rb:21:in `call'
  rack (1.5.2) lib/rack/methodoverride.rb:21:in `call'
  rack (1.5.2) lib/rack/runtime.rb:17:in `call'
  activesupport (4.1.5) lib/active_support/cache/strategy/local_cache_middleware.rb:26:in `call'
  rack (1.5.2) lib/rack/lock.rb:17:in `call'
  actionpack (4.1.5) lib/action_dispatch/middleware/static.rb:64:in `call'
  rack (1.5.2) lib/rack/sendfile.rb:112:in `call'
  railties (4.1.5) lib/rails/engine.rb:514:in `call'
  railties (4.1.5) lib/rails/application.rb:144:in `call'
  rack (1.5.2) lib/rack/lock.rb:17:in `call'
  rack (1.5.2) lib/rack/content_length.rb:14:in `call'
  rack (1.5.2) lib/rack/handler/webrick.rb:60:in `service'
  /Users/lukebartel/.rvm/rubies/ruby-2.1.1/lib/ruby/2.1.0/webrick/httpserver.rb:138:in `service'
  /Users/lukebartel/.rvm/rubies/ruby-2.1.1/lib/ruby/2.1.0/webrick/httpserver.rb:94:in `run'
  /Users/lukebartel/.rvm/rubies/ruby-2.1.1/lib/ruby/2.1.0/webrick/server.rb:295:in `block in start_thread'


  Rendered /Users/lukebartel/.rvm/gems/ruby-2.1.1/gems/actionpack-4.1.5/lib/action_dispatch/middleware/templates/rescues/_source.erb (1.2ms)
  Rendered /Users/lukebartel/.rvm/gems/ruby-2.1.1/gems/actionpack-4.1.5/lib/action_dispatch/middleware/templates/rescues/_trace.html.erb (1.7ms)
  Rendered /Users/lukebartel/.rvm/gems/ruby-2.1.1/gems/actionpack-4.1.5/lib/action_dispatch/middleware/templates/rescues/_request_and_response.html.erb (2.1ms)
  Rendered /Users/lukebartel/.rvm/gems/ruby-2.1.1/gems/actionpack-4.1.5/lib/action_dispatch/middleware/templates/rescues/diagnostics.erb within rescues/layout (32.7ms)
  [1m[36m (9.2ms)[0m  [1mCREATE TABLE "schema_migrations" ("version" character varying(255) NOT NULL) [0m
  [1m[35m (5.4ms)[0m  CREATE UNIQUE INDEX  "unique_schema_migrations" ON "schema_migrations"  ("version")
  [1m[36mActiveRecord::SchemaMigration Load (0.7ms)[0m  [1mSELECT "schema_migrations".* FROM "schema_migrations"[0m
Migrating to CreateBrains (20140909194517)
  [1m[35m (0.3ms)[0m  BEGIN
  [1m[36m (8.9ms)[0m  [1mCREATE TABLE "brains" ("id" serial primary key, "name" character varying(255), "body_weight" integer, "brain_weight" character varying(255)) [0m
  [1m[35mSQL (0.6ms)[0m  INSERT INTO "schema_migrations" ("version") VALUES ($1)  [["version", "20140909194517"]]
  [1m[36m (0.5ms)[0m  [1mCOMMIT[0m
  [1m[35mActiveRecord::SchemaMigration Load (0.5ms)[0m  SELECT "schema_migrations".* FROM "schema_migrations"


Started GET "/" for 127.0.0.1 at 2014-09-09 13:53:22 -0600
  [1m[36mActiveRecord::SchemaMigration Load (0.9ms)[0m  [1mSELECT "schema_migrations".* FROM "schema_migrations"[0m

AbstractController::ActionNotFound (The action 'index' could not be found for BrainsController):
  actionpack (4.1.5) lib/abstract_controller/base.rb:131:in `process'
  actionview (4.1.5) lib/action_view/rendering.rb:30:in `process'
  actionpack (4.1.5) lib/action_controller/metal.rb:196:in `dispatch'
  actionpack (4.1.5) lib/action_controller/metal/rack_delegation.rb:13:in `dispatch'
  actionpack (4.1.5) lib/action_controller/metal.rb:232:in `block in action'
  actionpack (4.1.5) lib/action_dispatch/routing/route_set.rb:82:in `call'
  actionpack (4.1.5) lib/action_dispatch/routing/route_set.rb:82:in `dispatch'
  actionpack (4.1.5) lib/action_dispatch/routing/route_set.rb:50:in `call'
  actionpack (4.1.5) lib/action_dispatch/journey/router.rb:71:in `block in call'
  actionpack (4.1.5) lib/action_dispatch/journey/router.rb:59:in `each'
  actionpack (4.1.5) lib/action_dispatch/journey/router.rb:59:in `call'
  actionpack (4.1.5) lib/action_dispatch/routing/route_set.rb:678:in `call'
  rack (1.5.2) lib/rack/etag.rb:23:in `call'
  rack (1.5.2) lib/rack/conditionalget.rb:25:in `call'
  rack (1.5.2) lib/rack/head.rb:11:in `call'
  actionpack (4.1.5) lib/action_dispatch/middleware/params_parser.rb:27:in `call'
  actionpack (4.1.5) lib/action_dispatch/middleware/flash.rb:254:in `call'
  rack (1.5.2) lib/rack/session/abstract/id.rb:225:in `context'
  rack (1.5.2) lib/rack/session/abstract/id.rb:220:in `call'
  actionpack (4.1.5) lib/action_dispatch/middleware/cookies.rb:560:in `call'
  activerecord (4.1.5) lib/active_record/query_cache.rb:36:in `call'
  activerecord (4.1.5) lib/active_record/connection_adapters/abstract/connection_pool.rb:621:in `call'
  activerecord (4.1.5) lib/active_record/migration.rb:380:in `call'
  actionpack (4.1.5) lib/action_dispatch/middleware/callbacks.rb:29:in `block in call'
  activesupport (4.1.5) lib/active_support/callbacks.rb:82:in `run_callbacks'
  actionpack (4.1.5) lib/action_dispatch/middleware/callbacks.rb:27:in `call'
  actionpack (4.1.5) lib/action_dispatch/middleware/reloader.rb:73:in `call'
  actionpack (4.1.5) lib/action_dispatch/middleware/remote_ip.rb:76:in `call'
  actionpack (4.1.5) lib/action_dispatch/middleware/debug_exceptions.rb:17:in `call'
  actionpack (4.1.5) lib/action_dispatch/middleware/show_exceptions.rb:30:in `call'
  railties (4.1.5) lib/rails/rack/logger.rb:38:in `call_app'
  railties (4.1.5) lib/rails/rack/logger.rb:20:in `block in call'
  activesupport (4.1.5) lib/active_support/tagged_logging.rb:68:in `block in tagged'
  activesupport (4.1.5) lib/active_support/tagged_logging.rb:26:in `tagged'
  activesupport (4.1.5) lib/active_support/tagged_logging.rb:68:in `tagged'
  railties (4.1.5) lib/rails/rack/logger.rb:20:in `call'
  actionpack (4.1.5) lib/action_dispatch/middleware/request_id.rb:21:in `call'
  rack (1.5.2) lib/rack/methodoverride.rb:21:in `call'
  rack (1.5.2) lib/rack/runtime.rb:17:in `call'
  activesupport (4.1.5) lib/active_support/cache/strategy/local_cache_middleware.rb:26:in `call'
  rack (1.5.2) lib/rack/lock.rb:17:in `call'
  actionpack (4.1.5) lib/action_dispatch/middleware/static.rb:64:in `call'
  rack (1.5.2) lib/rack/sendfile.rb:112:in `call'
  railties (4.1.5) lib/rails/engine.rb:514:in `call'
  railties (4.1.5) lib/rails/application.rb:144:in `call'
  rack (1.5.2) lib/rack/lock.rb:17:in `call'
  rack (1.5.2) lib/rack/content_length.rb:14:in `call'
  rack (1.5.2) lib/rack/handler/webrick.rb:60:in `service'
  /Users/lukebartel/.rvm/rubies/ruby-2.1.1/lib/ruby/2.1.0/webrick/httpserver.rb:138:in `service'
  /Users/lukebartel/.rvm/rubies/ruby-2.1.1/lib/ruby/2.1.0/webrick/httpserver.rb:94:in `run'
  /Users/lukebartel/.rvm/rubies/ruby-2.1.1/lib/ruby/2.1.0/webrick/server.rb:295:in `block in start_thread'


  Rendered /Users/lukebartel/.rvm/gems/ruby-2.1.1/gems/actionpack-4.1.5/lib/action_dispatch/middleware/templates/rescues/unknown_action.html.erb within rescues/layout (1.9ms)


Started GET "/" for 127.0.0.1 at 2014-09-09 13:53:55 -0600
Processing by BrainsController#index as HTML
Completed 500 Internal Server Error in 21ms

ActionView::MissingTemplate (Missing template brains/index, application/index with {:locale=>[:en], :formats=>[:html], :variants=>[], :handlers=>[:erb, :builder, :raw, :ruby, :jbuilder, :coffee]}. Searched in:
  * "/Users/lukebartel/gSchoolWork/brains-warmup/app/views"
):
  actionview (4.1.5) lib/action_view/path_set.rb:46:in `find'
  actionview (4.1.5) lib/action_view/lookup_context.rb:124:in `find'
  actionview (4.1.5) lib/action_view/renderer/abstract_renderer.rb:18:in `find_template'
  actionview (4.1.5) lib/action_view/renderer/template_renderer.rb:41:in `determine_template'
  actionview (4.1.5) lib/action_view/renderer/template_renderer.rb:8:in `render'
  actionview (4.1.5) lib/action_view/renderer/renderer.rb:42:in `render_template'
  actionview (4.1.5) lib/action_view/renderer/renderer.rb:23:in `render'
  actionview (4.1.5) lib/action_view/rendering.rb:99:in `_render_template'
  actionpack (4.1.5) lib/action_controller/metal/streaming.rb:217:in `_render_template'
  actionview (4.1.5) lib/action_view/rendering.rb:82:in `render_to_body'
  actionpack (4.1.5) lib/action_controller/metal/rendering.rb:32:in `render_to_body'
  actionpack (4.1.5) lib/action_controller/metal/renderers.rb:32:in `render_to_body'
  actionpack (4.1.5) lib/abstract_controller/rendering.rb:25:in `render'
  actionpack (4.1.5) lib/action_controller/metal/rendering.rb:16:in `render'
  actionpack (4.1.5) lib/action_controller/metal/instrumentation.rb:41:in `block (2 levels) in render'
  activesupport (4.1.5) lib/active_support/core_ext/benchmark.rb:12:in `block in ms'
  /Users/lukebartel/.rvm/rubies/ruby-2.1.1/lib/ruby/2.1.0/benchmark.rb:294:in `realtime'
  activesupport (4.1.5) lib/active_support/core_ext/benchmark.rb:12:in `ms'
  actionpack (4.1.5) lib/action_controller/metal/instrumentation.rb:41:in `block in render'
  actionpack (4.1.5) lib/action_controller/metal/instrumentation.rb:84:in `cleanup_view_runtime'
  activerecord (4.1.5) lib/active_record/railties/controller_runtime.rb:25:in `cleanup_view_runtime'
  actionpack (4.1.5) lib/action_controller/metal/instrumentation.rb:40:in `render'
  actionpack (4.1.5) lib/action_controller/metal/implicit_render.rb:10:in `default_render'
  actionpack (4.1.5) lib/action_controller/metal/implicit_render.rb:5:in `send_action'
  actionpack (4.1.5) lib/abstract_controller/base.rb:189:in `process_action'
  actionpack (4.1.5) lib/action_controller/metal/rendering.rb:10:in `process_action'
  actionpack (4.1.5) lib/abstract_controller/callbacks.rb:20:in `block in process_action'
  activesupport (4.1.5) lib/active_support/callbacks.rb:113:in `call'
  activesupport (4.1.5) lib/active_support/callbacks.rb:113:in `call'
  activesupport (4.1.5) lib/active_support/callbacks.rb:229:in `block in halting'
  activesupport (4.1.5) lib/active_support/callbacks.rb:229:in `call'
  activesupport (4.1.5) lib/active_support/callbacks.rb:229:in `block in halting'
  activesupport (4.1.5) lib/active_support/callbacks.rb:166:in `call'
  activesupport (4.1.5) lib/active_support/callbacks.rb:166:in `block in halting'
  activesupport (4.1.5) lib/active_support/callbacks.rb:166:in `call'
  activesupport (4.1.5) lib/active_support/callbacks.rb:166:in `block in halting'
  activesupport (4.1.5) lib/active_support/callbacks.rb:166:in `call'
  activesupport (4.1.5) lib/active_support/callbacks.rb:166:in `block in halting'
  activesupport (4.1.5) lib/active_support/callbacks.rb:86:in `call'
  activesupport (4.1.5) lib/active_support/callbacks.rb:86:in `run_callbacks'
  actionpack (4.1.5) lib/abstract_controller/callbacks.rb:19:in `process_action'
  actionpack (4.1.5) lib/action_controller/metal/rescue.rb:29:in `process_action'
  actionpack (4.1.5) lib/action_controller/metal/instrumentation.rb:31:in `block in process_action'
  activesupport (4.1.5) lib/active_support/notifications.rb:159:in `block in instrument'
  activesupport (4.1.5) lib/active_support/notifications/instrumenter.rb:20:in `instrument'
  activesupport (4.1.5) lib/active_support/notifications.rb:159:in `instrument'
  actionpack (4.1.5) lib/action_controller/metal/instrumentation.rb:30:in `process_action'
  actionpack (4.1.5) lib/action_controller/metal/params_wrapper.rb:250:in `process_action'
  activerecord (4.1.5) lib/active_record/railties/controller_runtime.rb:18:in `process_action'
  actionpack (4.1.5) lib/abstract_controller/base.rb:136:in `process'
  actionview (4.1.5) lib/action_view/rendering.rb:30:in `process'
  actionpack (4.1.5) lib/action_controller/metal.rb:196:in `dispatch'
  actionpack (4.1.5) lib/action_controller/metal/rack_delegation.rb:13:in `dispatch'
  actionpack (4.1.5) lib/action_controller/metal.rb:232:in `block in action'
  actionpack (4.1.5) lib/action_dispatch/routing/route_set.rb:82:in `call'
  actionpack (4.1.5) lib/action_dispatch/routing/route_set.rb:82:in `dispatch'
  actionpack (4.1.5) lib/action_dispatch/routing/route_set.rb:50:in `call'
  actionpack (4.1.5) lib/action_dispatch/journey/router.rb:71:in `block in call'
  actionpack (4.1.5) lib/action_dispatch/journey/router.rb:59:in `each'
  actionpack (4.1.5) lib/action_dispatch/journey/router.rb:59:in `call'
  actionpack (4.1.5) lib/action_dispatch/routing/route_set.rb:678:in `call'
  rack (1.5.2) lib/rack/etag.rb:23:in `call'
  rack (1.5.2) lib/rack/conditionalget.rb:25:in `call'
  rack (1.5.2) lib/rack/head.rb:11:in `call'
  actionpack (4.1.5) lib/action_dispatch/middleware/params_parser.rb:27:in `call'
  actionpack (4.1.5) lib/action_dispatch/middleware/flash.rb:254:in `call'
  rack (1.5.2) lib/rack/session/abstract/id.rb:225:in `context'
  rack (1.5.2) lib/rack/session/abstract/id.rb:220:in `call'
  actionpack (4.1.5) lib/action_dispatch/middleware/cookies.rb:560:in `call'
  activerecord (4.1.5) lib/active_record/query_cache.rb:36:in `call'
  activerecord (4.1.5) lib/active_record/connection_adapters/abstract/connection_pool.rb:621:in `call'
  activerecord (4.1.5) lib/active_record/migration.rb:380:in `call'
  actionpack (4.1.5) lib/action_dispatch/middleware/callbacks.rb:29:in `block in call'
  activesupport (4.1.5) lib/active_support/callbacks.rb:82:in `run_callbacks'
  actionpack (4.1.5) lib/action_dispatch/middleware/callbacks.rb:27:in `call'
  actionpack (4.1.5) lib/action_dispatch/middleware/reloader.rb:73:in `call'
  actionpack (4.1.5) lib/action_dispatch/middleware/remote_ip.rb:76:in `call'
  actionpack (4.1.5) lib/action_dispatch/middleware/debug_exceptions.rb:17:in `call'
  actionpack (4.1.5) lib/action_dispatch/middleware/show_exceptions.rb:30:in `call'
  railties (4.1.5) lib/rails/rack/logger.rb:38:in `call_app'
  railties (4.1.5) lib/rails/rack/logger.rb:20:in `block in call'
  activesupport (4.1.5) lib/active_support/tagged_logging.rb:68:in `block in tagged'
  activesupport (4.1.5) lib/active_support/tagged_logging.rb:26:in `tagged'
  activesupport (4.1.5) lib/active_support/tagged_logging.rb:68:in `tagged'
  railties (4.1.5) lib/rails/rack/logger.rb:20:in `call'
  actionpack (4.1.5) lib/action_dispatch/middleware/request_id.rb:21:in `call'
  rack (1.5.2) lib/rack/methodoverride.rb:21:in `call'
  rack (1.5.2) lib/rack/runtime.rb:17:in `call'
  activesupport (4.1.5) lib/active_support/cache/strategy/local_cache_middleware.rb:26:in `call'
  rack (1.5.2) lib/rack/lock.rb:17:in `call'
  actionpack (4.1.5) lib/action_dispatch/middleware/static.rb:64:in `call'
  rack (1.5.2) lib/rack/sendfile.rb:112:in `call'
  railties (4.1.5) lib/rails/engine.rb:514:in `call'
  railties (4.1.5) lib/rails/application.rb:144:in `call'
  rack (1.5.2) lib/rack/lock.rb:17:in `call'
  rack (1.5.2) lib/rack/content_length.rb:14:in `call'
  rack (1.5.2) lib/rack/handler/webrick.rb:60:in `service'
  /Users/lukebartel/.rvm/rubies/ruby-2.1.1/lib/ruby/2.1.0/webrick/httpserver.rb:138:in `service'
  /Users/lukebartel/.rvm/rubies/ruby-2.1.1/lib/ruby/2.1.0/webrick/httpserver.rb:94:in `run'
  /Users/lukebartel/.rvm/rubies/ruby-2.1.1/lib/ruby/2.1.0/webrick/server.rb:295:in `block in start_thread'


  Rendered /Users/lukebartel/.rvm/gems/ruby-2.1.1/gems/actionpack-4.1.5/lib/action_dispatch/middleware/templates/rescues/missing_template.html.erb within rescues/layout (0.6ms)


Started GET "/" for 127.0.0.1 at 2014-09-09 13:54:10 -0600
Processing by BrainsController#index as HTML
  Rendered brains/index.html.erb within layouts/application (0.3ms)
Completed 200 OK in 930ms (Views: 929.5ms | ActiveRecord: 0.0ms)


Started GET "/assets/application.css?body=1" for 127.0.0.1 at 2014-09-09 13:54:11 -0600


Started GET "/assets/turbolinks.js?body=1" for 127.0.0.1 at 2014-09-09 13:54:11 -0600


Started GET "/assets/jquery_ujs.js?body=1" for 127.0.0.1 at 2014-09-09 13:54:11 -0600


Started GET "/assets/jquery.js?body=1" for 127.0.0.1 at 2014-09-09 13:54:11 -0600


Started GET "/assets/application.js?body=1" for 127.0.0.1 at 2014-09-09 13:54:11 -0600


Started GET "/" for 127.0.0.1 at 2014-09-09 13:54:48 -0600
Processing by BrainsController#index as HTML
  Rendered brains/index.html.erb within layouts/application (0.4ms)
Completed 200 OK in 29ms (Views: 27.9ms | ActiveRecord: 0.0ms)


Started GET "/assets/application.css?body=1" for 127.0.0.1 at 2014-09-09 13:54:48 -0600


Started GET "/assets/jquery.js?body=1" for 127.0.0.1 at 2014-09-09 13:54:48 -0600


Started GET "/assets/turbolinks.js?body=1" for 127.0.0.1 at 2014-09-09 13:54:48 -0600


Started GET "/assets/jquery_ujs.js?body=1" for 127.0.0.1 at 2014-09-09 13:54:48 -0600


Started GET "/assets/application.js?body=1" for 127.0.0.1 at 2014-09-09 13:54:48 -0600


Started GET "/" for 127.0.0.1 at 2014-09-09 13:56:40 -0600
Processing by BrainsController#index as HTML
  Rendered brains/index.html.erb within layouts/application (0.4ms)
Completed 200 OK in 31ms (Views: 30.1ms | ActiveRecord: 0.0ms)


Started GET "/assets/application.css?body=1" for 127.0.0.1 at 2014-09-09 13:56:40 -0600


Started GET "/assets/turbolinks.js?body=1" for 127.0.0.1 at 2014-09-09 13:56:40 -0600


Started GET "/assets/jquery.js?body=1" for 127.0.0.1 at 2014-09-09 13:56:40 -0600


Started GET "/assets/jquery_ujs.js?body=1" for 127.0.0.1 at 2014-09-09 13:56:40 -0600


Started GET "/assets/application.js?body=1" for 127.0.0.1 at 2014-09-09 13:56:40 -0600


Started GET "/" for 127.0.0.1 at 2014-09-09 13:58:10 -0600
Processing by BrainsController#index as HTML
  Rendered brains/index.html.erb within layouts/application (0.3ms)
Completed 200 OK in 59ms (Views: 58.1ms | ActiveRecord: 0.0ms)


Started GET "/assets/jquery.js?body=1" for 127.0.0.1 at 2014-09-09 13:58:10 -0600


Started GET "/assets/turbolinks.js?body=1" for 127.0.0.1 at 2014-09-09 13:58:10 -0600


Started GET "/assets/jquery_ujs.js?body=1" for 127.0.0.1 at 2014-09-09 13:58:10 -0600


Started GET "/assets/application.js?body=1" for 127.0.0.1 at 2014-09-09 13:58:10 -0600


Started GET "/assets/application.css?body=1" for 127.0.0.1 at 2014-09-09 13:58:10 -0600


Started GET "/" for 127.0.0.1 at 2014-09-09 14:01:25 -0600
Processing by BrainsController#index as HTML
  Rendered brains/index.html.erb within layouts/application (1.3ms)
Completed 500 Internal Server Error in 4ms

ActionView::Template::Error (undefined method `each' for nil:NilClass):
     7: <th>Brain Weight</th>
     8: </thead>
     9:   <tbody>
    10:   <% @brains.each do |brain| %>
    11:   <tr><%= brain.animal %></tr>
    12:   <tr><%= brain.body_weight %></tr>
    13:   <tr><%= brain.brain_weight %></tr>
  app/views/brains/index.html.erb:10:in `_app_views_brains_index_html_erb__3938906206347159248_2198114540'


  Rendered /Users/lukebartel/.rvm/gems/ruby-2.1.1/gems/actionpack-4.1.5/lib/action_dispatch/middleware/templates/rescues/_trace.html.erb (2.6ms)
  Rendered /Users/lukebartel/.rvm/gems/ruby-2.1.1/gems/actionpack-4.1.5/lib/action_dispatch/middleware/templates/rescues/_request_and_response.html.erb (1.2ms)
  Rendered /Users/lukebartel/.rvm/gems/ruby-2.1.1/gems/actionpack-4.1.5/lib/action_dispatch/middleware/templates/rescues/template_error.html.erb within rescues/layout (21.5ms)


Started GET "/" for 127.0.0.1 at 2014-09-09 14:02:04 -0600
Processing by BrainsController#index as HTML
Completed 500 Internal Server Error in 1ms

LoadError (Unable to autoload constant Brain, expected /Users/lukebartel/gSchoolWork/brains-warmup/app/models/brain.rb to define it):
  app/controllers/brains_controller.rb:5:in `index'


  Rendered /Users/lukebartel/.rvm/gems/ruby-2.1.1/gems/actionpack-4.1.5/lib/action_dispatch/middleware/templates/rescues/_source.erb (0.7ms)
  Rendered /Users/lukebartel/.rvm/gems/ruby-2.1.1/gems/actionpack-4.1.5/lib/action_dispatch/middleware/templates/rescues/_trace.html.erb (1.4ms)
  Rendered /Users/lukebartel/.rvm/gems/ruby-2.1.1/gems/actionpack-4.1.5/lib/action_dispatch/middleware/templates/rescues/_request_and_response.html.erb (1.0ms)
  Rendered /Users/lukebartel/.rvm/gems/ruby-2.1.1/gems/actionpack-4.1.5/lib/action_dispatch/middleware/templates/rescues/diagnostics.erb within rescues/layout (16.5ms)


Started GET "/" for 127.0.0.1 at 2014-09-09 14:02:35 -0600
Processing by BrainsController#index as HTML
  [1m[35mBrain Load (0.7ms)[0m  SELECT "brains".* FROM "brains"
  Rendered brains/index.html.erb within layouts/application (1.3ms)
Completed 200 OK in 28ms (Views: 25.8ms | ActiveRecord: 0.7ms)


Started GET "/assets/jquery.js?body=1" for 127.0.0.1 at 2014-09-09 14:02:35 -0600


Started GET "/assets/jquery_ujs.js?body=1" for 127.0.0.1 at 2014-09-09 14:02:35 -0600


Started GET "/assets/application.js?body=1" for 127.0.0.1 at 2014-09-09 14:02:35 -0600


Started GET "/assets/turbolinks.js?body=1" for 127.0.0.1 at 2014-09-09 14:02:35 -0600


Started GET "/assets/application.css?body=1" for 127.0.0.1 at 2014-09-09 14:02:35 -0600
  [1m[36mActiveRecord::SchemaMigration Load (0.5ms)[0m  [1mSELECT "schema_migrations".* FROM "schema_migrations"[0m
  [1m[35mActiveRecord::SchemaMigration Load (0.3ms)[0m  SELECT "schema_migrations".* FROM "schema_migrations"
  [1m[36mActiveRecord::SchemaMigration Load (0.6ms)[0m  [1mSELECT "schema_migrations".* FROM "schema_migrations"[0m
  [1m[35mActiveRecord::SchemaMigration Load (0.2ms)[0m  SELECT "schema_migrations".* FROM "schema_migrations"
Migrating to CreateBrains (20140909194517)
  [1m[36m (0.2ms)[0m  [1mBEGIN[0m
  [1m[35m (11.1ms)[0m  DROP TABLE "brains"
  [1m[36mSQL (3.9ms)[0m  [1mDELETE FROM "schema_migrations" WHERE "schema_migrations"."version" = '20140909194517'[0m
  [1m[35m (4.6ms)[0m  COMMIT
  [1m[36mActiveRecord::SchemaMigration Load (1.0ms)[0m  [1mSELECT "schema_migrations".* FROM "schema_migrations"[0m
  [1m[36mActiveRecord::SchemaMigration Load (0.8ms)[0m  [1mSELECT "schema_migrations".* FROM "schema_migrations"[0m
Migrating to CreateBrains (20140909194517)
  [1m[35m (0.4ms)[0m  BEGIN
  [1m[36m (7.4ms)[0m  [1mCREATE TABLE "brains" ("id" serial primary key, "animal" character varying(255), "body" integer, "brain" float) [0m
  [1m[35mSQL (0.4ms)[0m  INSERT INTO "schema_migrations" ("version") VALUES ($1)  [["version", "20140909194517"]]
  [1m[36m (0.7ms)[0m  [1mCOMMIT[0m
  [1m[35mActiveRecord::SchemaMigration Load (0.4ms)[0m  SELECT "schema_migrations".* FROM "schema_migrations"
  [1m[36mActiveRecord::SchemaMigration Load (0.6ms)[0m  [1mSELECT "schema_migrations".* FROM "schema_migrations"[0m
  [1m[36mActiveRecord::SchemaMigration Load (0.6ms)[0m  [1mSELECT "schema_migrations".* FROM "schema_migrations"[0m
  [1m[36mActiveRecord::SchemaMigration Load (0.6ms)[0m  [1mSELECT "schema_migrations".* FROM "schema_migrations"[0m
  [1m[36mActiveRecord::SchemaMigration Load (0.6ms)[0m  [1mSELECT "schema_migrations".* FROM "schema_migrations"[0m
  [1m[36mActiveRecord::SchemaMigration Load (0.6ms)[0m  [1mSELECT "schema_migrations".* FROM "schema_migrations"[0m
  [1m[36mActiveRecord::SchemaMigration Load (0.5ms)[0m  [1mSELECT "schema_migrations".* FROM "schema_migrations"[0m
  [1m[36mActiveRecord::SchemaMigration Load (0.6ms)[0m  [1mSELECT "schema_migrations".* FROM "schema_migrations"[0m
  [1m[36mActiveRecord::SchemaMigration Load (0.5ms)[0m  [1mSELECT "schema_migrations".* FROM "schema_migrations"[0m
  [1m[36mActiveRecord::SchemaMigration Load (0.5ms)[0m  [1mSELECT "schema_migrations".* FROM "schema_migrations"[0m
  [1m[36m (2.9ms)[0m  [1mCREATE TABLE "schema_migrations" ("version" character varying(255) NOT NULL) [0m
  [1m[35m (1.8ms)[0m  CREATE UNIQUE INDEX  "unique_schema_migrations" ON "schema_migrations"  ("version")
  [1m[36mActiveRecord::SchemaMigration Load (0.5ms)[0m  [1mSELECT "schema_migrations".* FROM "schema_migrations"[0m
Migrating to CreateBrains (20140909194517)
  [1m[35m (0.2ms)[0m  BEGIN
  [1m[36m (4.5ms)[0m  [1mCREATE TABLE "brains" ("id" serial primary key, "animal" character varying(255), "body" integer, "brain" float) [0m
  [1m[35mSQL (0.5ms)[0m  INSERT INTO "schema_migrations" ("version") VALUES ($1)  [["version", "20140909194517"]]
  [1m[36m (0.4ms)[0m  [1mCOMMIT[0m
  [1m[35mActiveRecord::SchemaMigration Load (0.3ms)[0m  SELECT "schema_migrations".* FROM "schema_migrations"
  [1m[36mActiveRecord::SchemaMigration Load (0.5ms)[0m  [1mSELECT "schema_migrations".* FROM "schema_migrations"[0m
  [1m[36mActiveRecord::SchemaMigration Load (0.6ms)[0m  [1mSELECT "schema_migrations".* FROM "schema_migrations"[0m
  [1m[35mActiveRecord::SchemaMigration Load (0.2ms)[0m  SELECT "schema_migrations".* FROM "schema_migrations"
  [1m[36mActiveRecord::SchemaMigration Load (0.5ms)[0m  [1mSELECT "schema_migrations".* FROM "schema_migrations"[0m
  [1m[36mActiveRecord::SchemaMigration Load (0.6ms)[0m  [1mSELECT "schema_migrations".* FROM "schema_migrations"[0m
  [1m[36mActiveRecord::SchemaMigration Load (0.6ms)[0m  [1mSELECT "schema_migrations".* FROM "schema_migrations"[0m
  [1m[36mActiveRecord::SchemaMigration Load (0.5ms)[0m  [1mSELECT "schema_migrations".* FROM "schema_migrations"[0m
  [1m[36mActiveRecord::SchemaMigration Load (0.5ms)[0m  [1mSELECT "schema_migrations".* FROM "schema_migrations"[0m
  [1m[36mActiveRecord::SchemaMigration Load (0.6ms)[0m  [1mSELECT "schema_migrations".* FROM "schema_migrations"[0m
  [1m[36mActiveRecord::SchemaMigration Load (0.5ms)[0m  [1mSELECT "schema_migrations".* FROM "schema_migrations"[0m
  [1m[36mActiveRecord::SchemaMigration Load (0.5ms)[0m  [1mSELECT "schema_migrations".* FROM "schema_migrations"[0m
  [1m[36mActiveRecord::SchemaMigration Load (0.5ms)[0m  [1mSELECT "schema_migrations".* FROM "schema_migrations"[0m
  [1m[36mActiveRecord::SchemaMigration Load (0.6ms)[0m  [1mSELECT "schema_migrations".* FROM "schema_migrations"[0m
  [1m[36mActiveRecord::SchemaMigration Load (0.7ms)[0m  [1mSELECT "schema_migrations".* FROM "schema_migrations"[0m
  [1m[36mActiveRecord::SchemaMigration Load (1.3ms)[0m  [1mSELECT "schema_migrations".* FROM "schema_migrations"[0m
  [1m[36mActiveRecord::SchemaMigration Load (0.8ms)[0m  [1mSELECT "schema_migrations".* FROM "schema_migrations"[0m
  [1m[36mActiveRecord::SchemaMigration Load (0.7ms)[0m  [1mSELECT "schema_migrations".* FROM "schema_migrations"[0m
  [1m[36mActiveRecord::SchemaMigration Load (0.6ms)[0m  [1mSELECT "schema_migrations".* FROM "schema_migrations"[0m
  [1m[36mActiveRecord::SchemaMigration Load (0.5ms)[0m  [1mSELECT "schema_migrations".* FROM "schema_migrations"[0m
  [1m[35m (1.0ms)[0m  BEGIN
  [1m[36mSQL (10.1ms)[0m  [1mINSERT INTO "brains" ("animal", "body", "brain") VALUES ($1, $2, $3) RETURNING "id"[0m  [["animal", "Mountain beaver"], ["body", 1], ["brain", 8.1]]
  [1m[35m (2.0ms)[0m  COMMIT
  [1m[36m (0.2ms)[0m  [1mBEGIN[0m
  [1m[35mSQL (0.4ms)[0m  INSERT INTO "brains" ("animal", "body", "brain") VALUES ($1, $2, $3) RETURNING "id"  [["animal", "Cow"], ["body", 465], ["brain", 423.0]]
  [1m[36m (0.4ms)[0m  [1mCOMMIT[0m
  [1m[35m (0.1ms)[0m  BEGIN
  [1m[36mSQL (0.3ms)[0m  [1mINSERT INTO "brains" ("animal", "body", "brain") VALUES ($1, $2, $3) RETURNING "id"[0m  [["animal", "Grey wolf"], ["body", 36], ["brain", 119.5]]
  [1m[35m (0.4ms)[0m  COMMIT
  [1m[36m (0.1ms)[0m  [1mBEGIN[0m
  [1m[35mSQL (0.3ms)[0m  INSERT INTO "brains" ("animal", "body", "brain") VALUES ($1, $2, $3) RETURNING "id"  [["animal", "Goat"], ["body", 27], ["brain", 115.0]]
  [1m[36m (0.4ms)[0m  [1mCOMMIT[0m
  [1m[35m (0.1ms)[0m  BEGIN
  [1m[36mSQL (0.3ms)[0m  [1mINSERT INTO "brains" ("animal", "body", "brain") VALUES ($1, $2, $3) RETURNING "id"[0m  [["animal", "Guinea pig"], ["body", 1], ["brain", 5.5]]
  [1m[35m (0.3ms)[0m  COMMIT
  [1m[36m (0.1ms)[0m  [1mBEGIN[0m
  [1m[35mSQL (0.3ms)[0m  INSERT INTO "brains" ("animal", "body", "brain") VALUES ($1, $2, $3) RETURNING "id"  [["animal", "Dipliodocus"], ["body", 11700], ["brain", 50.0]]
  [1m[36m (0.4ms)[0m  [1mCOMMIT[0m
  [1m[35m (0.1ms)[0m  BEGIN
  [1m[36mSQL (0.3ms)[0m  [1mINSERT INTO "brains" ("animal", "body", "brain") VALUES ($1, $2, $3) RETURNING "id"[0m  [["animal", "Asian elephant"], ["body", 2547], ["brain", 4603.0]]
  [1m[35m (0.5ms)[0m  COMMIT
  [1m[36m (0.1ms)[0m  [1mBEGIN[0m
  [1m[35mSQL (0.3ms)[0m  INSERT INTO "brains" ("animal", "body", "brain") VALUES ($1, $2, $3) RETURNING "id"  [["animal", "Donkey"], ["body", 187], ["brain", 419.0]]
  [1m[36m (0.4ms)[0m  [1mCOMMIT[0m
  [1m[35m (0.1ms)[0m  BEGIN
  [1m[36mSQL (0.2ms)[0m  [1mINSERT INTO "brains" ("animal", "body", "brain") VALUES ($1, $2, $3) RETURNING "id"[0m  [["animal", "Horse"], ["body", 521], ["brain", 655.0]]
  [1m[35m (0.4ms)[0m  COMMIT
  [1m[36m (0.1ms)[0m  [1mBEGIN[0m
  [1m[35mSQL (0.3ms)[0m  INSERT INTO "brains" ("animal", "body", "brain") VALUES ($1, $2, $3) RETURNING "id"  [["animal", "Potar monkey"], ["body", 10], ["brain", 115.0]]
  [1m[36m (0.5ms)[0m  [1mCOMMIT[0m
  [1m[35m (0.1ms)[0m  BEGIN
  [1m[36mSQL (0.3ms)[0m  [1mINSERT INTO "brains" ("animal", "body", "brain") VALUES ($1, $2, $3) RETURNING "id"[0m  [["animal", "Cat"], ["body", 3], ["brain", 25.6]]
  [1m[35m (0.5ms)[0m  COMMIT
  [1m[36m (0.1ms)[0m  [1mBEGIN[0m
  [1m[35mSQL (0.3ms)[0m  INSERT INTO "brains" ("animal", "body", "brain") VALUES ($1, $2, $3) RETURNING "id"  [["animal", "Giraffe"], ["body", 529], ["brain", 680.0]]
  [1m[36m (0.4ms)[0m  [1mCOMMIT[0m
  [1m[35m (0.1ms)[0m  BEGIN
  [1m[36mSQL (0.2ms)[0m  [1mINSERT INTO "brains" ("animal", "body", "brain") VALUES ($1, $2, $3) RETURNING "id"[0m  [["animal", "Gorilla"], ["body", 207], ["brain", 406.0]]
  [1m[35m (0.4ms)[0m  COMMIT
  [1m[36m (0.2ms)[0m  [1mBEGIN[0m
  [1m[35mSQL (0.3ms)[0m  INSERT INTO "brains" ("animal", "body", "brain") VALUES ($1, $2, $3) RETURNING "id"  [["animal", "Human"], ["body", 62], ["brain", 1320.0]]
  [1m[36m (0.4ms)[0m  [1mCOMMIT[0m
  [1m[35m (0.1ms)[0m  BEGIN
  [1m[36mSQL (0.2ms)[0m  [1mINSERT INTO "brains" ("animal", "body", "brain") VALUES ($1, $2, $3) RETURNING "id"[0m  [["animal", "African elephant"], ["body", 6654], ["brain", 5712.0]]
  [1m[35m (0.4ms)[0m  COMMIT
  [1m[36m (0.1ms)[0m  [1mBEGIN[0m
  [1m[35mSQL (0.3ms)[0m  INSERT INTO "brains" ("animal", "body", "brain") VALUES ($1, $2, $3) RETURNING "id"  [["animal", "Triceratops"], ["body", 9400], ["brain", 70.0]]
  [1m[36m (0.3ms)[0m  [1mCOMMIT[0m
  [1m[35m (0.1ms)[0m  BEGIN
  [1m[36mSQL (0.2ms)[0m  [1mINSERT INTO "brains" ("animal", "body", "brain") VALUES ($1, $2, $3) RETURNING "id"[0m  [["animal", "Rhesus monkey"], ["body", 6], ["brain", 179.0]]
  [1m[35m (0.4ms)[0m  COMMIT
  [1m[36m (0.1ms)[0m  [1mBEGIN[0m
  [1m[35mSQL (0.3ms)[0m  INSERT INTO "brains" ("animal", "body", "brain") VALUES ($1, $2, $3) RETURNING "id"  [["animal", "Kangaroo"], ["body", 35], ["brain", 56.0]]
  [1m[36m (0.4ms)[0m  [1mCOMMIT[0m
  [1m[35m (0.1ms)[0m  BEGIN
  [1m[36mSQL (0.2ms)[0m  [1mINSERT INTO "brains" ("animal", "body", "brain") VALUES ($1, $2, $3) RETURNING "id"[0m  [["animal", "Golden hamster"], ["body", 0], ["brain", 1.0]]
  [1m[35m (0.2ms)[0m  COMMIT
  [1m[36m (0.1ms)[0m  [1mBEGIN[0m
  [1m[35mSQL (0.2ms)[0m  INSERT INTO "brains" ("animal", "body", "brain") VALUES ($1, $2, $3) RETURNING "id"  [["animal", "Mouse"], ["body", 0], ["brain", 0.4]]
  [1m[36m (0.4ms)[0m  [1mCOMMIT[0m
  [1m[35m (0.1ms)[0m  BEGIN
  [1m[36mSQL (0.2ms)[0m  [1mINSERT INTO "brains" ("animal", "body", "brain") VALUES ($1, $2, $3) RETURNING "id"[0m  [["animal", "Rabbit"], ["body", 2], ["brain", 12.1]]
  [1m[35m (0.4ms)[0m  COMMIT
  [1m[36m (0.1ms)[0m  [1mBEGIN[0m
  [1m[35mSQL (0.3ms)[0m  INSERT INTO "brains" ("animal", "body", "brain") VALUES ($1, $2, $3) RETURNING "id"  [["animal", "Sheep"], ["body", 55], ["brain", 175.0]]
  [1m[36m (0.4ms)[0m  [1mCOMMIT[0m
  [1m[35m (0.1ms)[0m  BEGIN
  [1m[36mSQL (0.2ms)[0m  [1mINSERT INTO "brains" ("animal", "body", "brain") VALUES ($1, $2, $3) RETURNING "id"[0m  [["animal", "Jaguar"], ["body", 100], ["brain", 157.0]]
  [1m[35m (0.4ms)[0m  COMMIT
  [1m[36m (0.1ms)[0m  [1mBEGIN[0m
  [1m[35mSQL (0.2ms)[0m  INSERT INTO "brains" ("animal", "body", "brain") VALUES ($1, $2, $3) RETURNING "id"  [["animal", "Chimpanzee"], ["body", 52], ["brain", 440.0]]
  [1m[36m (0.3ms)[0m  [1mCOMMIT[0m
  [1m[35m (0.1ms)[0m  BEGIN
  [1m[36mSQL (0.2ms)[0m  [1mINSERT INTO "brains" ("animal", "body", "brain") VALUES ($1, $2, $3) RETURNING "id"[0m  [["animal", "Rat"], ["body", 0], ["brain", 1.9]]
  [1m[35m (0.3ms)[0m  COMMIT
  [1m[36m (0.1ms)[0m  [1mBEGIN[0m
  [1m[35mSQL (0.2ms)[0m  INSERT INTO "brains" ("animal", "body", "brain") VALUES ($1, $2, $3) RETURNING "id"  [["animal", "Brachiosaurus"], ["body", 87000], ["brain", 154.5]]
  [1m[36m (0.4ms)[0m  [1mCOMMIT[0m
  [1m[35m (0.1ms)[0m  BEGIN
  [1m[36mSQL (0.3ms)[0m  [1mINSERT INTO "brains" ("animal", "body", "brain") VALUES ($1, $2, $3) RETURNING "id"[0m  [["animal", "Mole"], ["body", 0], ["brain", 3.0]]
  [1m[35m (0.5ms)[0m  COMMIT
  [1m[36m (0.1ms)[0m  [1mBEGIN[0m
  [1m[35mSQL (0.3ms)[0m  INSERT INTO "brains" ("animal", "body", "brain") VALUES ($1, $2, $3) RETURNING "id"  [["animal", "Pig"], ["body", 192], ["brain", 180.0]]
  [1m[36m (0.4ms)[0m  [1mCOMMIT[0m
  [1m[36mBrain Load (9.4ms)[0m  [1mSELECT  "brains".* FROM "brains"   ORDER BY "brains"."id" ASC LIMIT 1[0m


Started GET "/" for 127.0.0.1 at 2014-09-09 20:12:17 -0600
  [1m[36mActiveRecord::SchemaMigration Load (0.7ms)[0m  [1mSELECT "schema_migrations".* FROM "schema_migrations"[0m
Processing by BrainsController#index as HTML
  [1m[35mBrain Load (1.3ms)[0m  SELECT "brains".* FROM "brains"
  Rendered brains/index.html.erb within layouts/application (13.2ms)
Completed 200 OK in 101ms (Views: 79.3ms | ActiveRecord: 4.4ms)


Started GET "/assets/application.css?body=1" for 127.0.0.1 at 2014-09-09 20:12:18 -0600


Started GET "/assets/jquery_ujs.js?body=1" for 127.0.0.1 at 2014-09-09 20:12:18 -0600


Started GET "/assets/turbolinks.js?body=1" for 127.0.0.1 at 2014-09-09 20:12:18 -0600


Started GET "/assets/application.js?body=1" for 127.0.0.1 at 2014-09-09 20:12:18 -0600


Started GET "/assets/jquery.js?body=1" for 127.0.0.1 at 2014-09-09 20:12:18 -0600


Started GET "/" for 127.0.0.1 at 2014-09-09 20:13:05 -0600
Processing by BrainsController#index as HTML
  [1m[36mBrain Load (0.4ms)[0m  [1mSELECT "brains".* FROM "brains"[0m
  Rendered brains/index.html.erb within layouts/application (2.7ms)
Completed 200 OK in 36ms (Views: 34.9ms | ActiveRecord: 0.4ms)


Started GET "/assets/application.css?body=1" for 127.0.0.1 at 2014-09-09 20:13:05 -0600


Started GET "/assets/jquery.js?body=1" for 127.0.0.1 at 2014-09-09 20:13:05 -0600


Started GET "/assets/turbolinks.js?body=1" for 127.0.0.1 at 2014-09-09 20:13:05 -0600


Started GET "/assets/jquery_ujs.js?body=1" for 127.0.0.1 at 2014-09-09 20:13:05 -0600


Started GET "/assets/application.js?body=1" for 127.0.0.1 at 2014-09-09 20:13:05 -0600


Started GET "/" for 127.0.0.1 at 2014-09-09 20:13:06 -0600
Processing by BrainsController#index as HTML
  [1m[35mBrain Load (0.4ms)[0m  SELECT "brains".* FROM "brains"
  Rendered brains/index.html.erb within layouts/application (2.4ms)
Completed 200 OK in 30ms (Views: 28.8ms | ActiveRecord: 0.4ms)


Started GET "/assets/application.css?body=1" for 127.0.0.1 at 2014-09-09 20:13:07 -0600


Started GET "/assets/jquery.js?body=1" for 127.0.0.1 at 2014-09-09 20:13:07 -0600


Started GET "/assets/jquery_ujs.js?body=1" for 127.0.0.1 at 2014-09-09 20:13:07 -0600


Started GET "/assets/application.js?body=1" for 127.0.0.1 at 2014-09-09 20:13:07 -0600


Started GET "/assets/turbolinks.js?body=1" for 127.0.0.1 at 2014-09-09 20:13:07 -0600


Started GET "/" for 127.0.0.1 at 2014-09-09 20:13:49 -0600
Processing by BrainsController#index as HTML
  [1m[36mBrain Load (0.4ms)[0m  [1mSELECT "brains".* FROM "brains"[0m
  Rendered brains/index.html.erb within layouts/application (2.2ms)
Completed 200 OK in 26ms (Views: 25.2ms | ActiveRecord: 0.4ms)


Started GET "/assets/application.css?body=1" for 127.0.0.1 at 2014-09-09 20:13:49 -0600


Started GET "/assets/jquery.js?body=1" for 127.0.0.1 at 2014-09-09 20:13:49 -0600


Started GET "/assets/jquery_ujs.js?body=1" for 127.0.0.1 at 2014-09-09 20:13:49 -0600


Started GET "/assets/turbolinks.js?body=1" for 127.0.0.1 at 2014-09-09 20:13:49 -0600


Started GET "/assets/application.js?body=1" for 127.0.0.1 at 2014-09-09 20:13:49 -0600


Started GET "/" for 127.0.0.1 at 2014-09-09 20:14:33 -0600
Processing by BrainsController#index as HTML
  [1m[35mBrain Load (0.5ms)[0m  SELECT "brains".* FROM "brains"
  Rendered brains/index.html.erb within layouts/application (3.5ms)
Completed 200 OK in 43ms (Views: 41.1ms | ActiveRecord: 0.5ms)


Started GET "/assets/application.css?body=1" for 127.0.0.1 at 2014-09-09 20:14:33 -0600


Started GET "/assets/jquery.js?body=1" for 127.0.0.1 at 2014-09-09 20:14:33 -0600


Started GET "/assets/jquery_ujs.js?body=1" for 127.0.0.1 at 2014-09-09 20:14:33 -0600


Started GET "/assets/turbolinks.js?body=1" for 127.0.0.1 at 2014-09-09 20:14:34 -0600


Started GET "/assets/application.js?body=1" for 127.0.0.1 at 2014-09-09 20:14:34 -0600


Started GET "/" for 127.0.0.1 at 2014-09-09 20:15:39 -0600
  [1m[36mActiveRecord::SchemaMigration Load (0.3ms)[0m  [1mSELECT "schema_migrations".* FROM "schema_migrations"[0m
Processing by BrainsController#index as HTML
  [1m[35mBrain Load (0.4ms)[0m  SELECT "brains".* FROM "brains"
  Rendered brains/index.html.erb within layouts/application (2.0ms)
Completed 200 OK in 33ms (Views: 31.7ms | ActiveRecord: 0.4ms)


Started GET "/assets/application.css?body=1" for 127.0.0.1 at 2014-09-09 20:15:39 -0600


Started GET "/assets/jquery.js?body=1" for 127.0.0.1 at 2014-09-09 20:15:39 -0600


Started GET "/assets/application.js?body=1" for 127.0.0.1 at 2014-09-09 20:15:39 -0600


Started GET "/assets/turbolinks.js?body=1" for 127.0.0.1 at 2014-09-09 20:15:39 -0600


Started GET "/assets/jquery_ujs.js?body=1" for 127.0.0.1 at 2014-09-09 20:15:39 -0600
  [1m[36m (9.6ms)[0m  [1mCREATE TABLE "schema_migrations" ("version" character varying(255) NOT NULL) [0m
  [1m[35m (7.3ms)[0m  CREATE UNIQUE INDEX  "unique_schema_migrations" ON "schema_migrations"  ("version")
  [1m[36mActiveRecord::SchemaMigration Load (0.8ms)[0m  [1mSELECT "schema_migrations".* FROM "schema_migrations"[0m
Migrating to CreateBrains (20140909194517)
  [1m[35m (0.2ms)[0m  BEGIN
  [1m[36m (9.5ms)[0m  [1mCREATE TABLE "brains" ("id" serial primary key, "animal" character varying(255), "body" float, "brain" float) [0m
  [1m[35mSQL (0.5ms)[0m  INSERT INTO "schema_migrations" ("version") VALUES ($1)  [["version", "20140909194517"]]
  [1m[36m (0.5ms)[0m  [1mCOMMIT[0m
  [1m[35mActiveRecord::SchemaMigration Load (0.3ms)[0m  SELECT "schema_migrations".* FROM "schema_migrations"
  [1m[36mActiveRecord::SchemaMigration Load (0.6ms)[0m  [1mSELECT "schema_migrations".* FROM "schema_migrations"[0m
  [1m[35m (0.3ms)[0m  BEGIN
  [1m[36mSQL (1.2ms)[0m  [1mINSERT INTO "brains" ("animal", "body", "brain") VALUES ($1, $2, $3) RETURNING "id"[0m  [["animal", "Mountain beaver"], ["body", 1.35], ["brain", 8.1]]
  [1m[35m (0.6ms)[0m  COMMIT
  [1m[36m (0.2ms)[0m  [1mBEGIN[0m
  [1m[35mSQL (0.3ms)[0m  INSERT INTO "brains" ("animal", "body", "brain") VALUES ($1, $2, $3) RETURNING "id"  [["animal", "Cow"], ["body", 465.0], ["brain", 423.0]]
  [1m[36m (0.4ms)[0m  [1mCOMMIT[0m
  [1m[35m (0.1ms)[0m  BEGIN
  [1m[36mSQL (0.3ms)[0m  [1mINSERT INTO "brains" ("animal", "body", "brain") VALUES ($1, $2, $3) RETURNING "id"[0m  [["animal", "Grey wolf"], ["body", 36.33], ["brain", 119.5]]
  [1m[35m (0.4ms)[0m  COMMIT
  [1m[36m (0.1ms)[0m  [1mBEGIN[0m
  [1m[35mSQL (0.3ms)[0m  INSERT INTO "brains" ("animal", "body", "brain") VALUES ($1, $2, $3) RETURNING "id"  [["animal", "Goat"], ["body", 27.66], ["brain", 115.0]]
  [1m[36m (0.3ms)[0m  [1mCOMMIT[0m
  [1m[35m (0.1ms)[0m  BEGIN
  [1m[36mSQL (0.2ms)[0m  [1mINSERT INTO "brains" ("animal", "body", "brain") VALUES ($1, $2, $3) RETURNING "id"[0m  [["animal", "Guinea pig"], ["body", 1.04], ["brain", 5.5]]
  [1m[35m (0.4ms)[0m  COMMIT
  [1m[36m (0.1ms)[0m  [1mBEGIN[0m
  [1m[35mSQL (0.3ms)[0m  INSERT INTO "brains" ("animal", "body", "brain") VALUES ($1, $2, $3) RETURNING "id"  [["animal", "Dipliodocus"], ["body", 11700.0], ["brain", 50.0]]
  [1m[36m (0.3ms)[0m  [1mCOMMIT[0m
  [1m[35m (0.1ms)[0m  BEGIN
  [1m[36mSQL (0.2ms)[0m  [1mINSERT INTO "brains" ("animal", "body", "brain") VALUES ($1, $2, $3) RETURNING "id"[0m  [["animal", "Asian elephant"], ["body", 2547.0], ["brain", 4603.0]]
  [1m[35m (0.4ms)[0m  COMMIT
  [1m[36m (0.1ms)[0m  [1mBEGIN[0m
  [1m[35mSQL (0.2ms)[0m  INSERT INTO "brains" ("animal", "body", "brain") VALUES ($1, $2, $3) RETURNING "id"  [["animal", "Donkey"], ["body", 187.1], ["brain", 419.0]]
  [1m[36m (0.4ms)[0m  [1mCOMMIT[0m
  [1m[35m (0.1ms)[0m  BEGIN
  [1m[36mSQL (0.2ms)[0m  [1mINSERT INTO "brains" ("animal", "body", "brain") VALUES ($1, $2, $3) RETURNING "id"[0m  [["animal", "Horse"], ["body", 521.0], ["brain", 655.0]]
  [1m[35m (0.4ms)[0m  COMMIT
  [1m[36m (0.1ms)[0m  [1mBEGIN[0m
  [1m[35mSQL (0.2ms)[0m  INSERT INTO "brains" ("animal", "body", "brain") VALUES ($1, $2, $3) RETURNING "id"  [["animal", "Potar monkey"], ["body", 10.0], ["brain", 115.0]]
  [1m[36m (0.3ms)[0m  [1mCOMMIT[0m
  [1m[35m (0.1ms)[0m  BEGIN
  [1m[36mSQL (0.2ms)[0m  [1mINSERT INTO "brains" ("animal", "body", "brain") VALUES ($1, $2, $3) RETURNING "id"[0m  [["animal", "Cat"], ["body", 3.3], ["brain", 25.6]]
  [1m[35m (0.3ms)[0m  COMMIT
  [1m[36m (0.1ms)[0m  [1mBEGIN[0m
  [1m[35mSQL (0.3ms)[0m  INSERT INTO "brains" ("animal", "body", "brain") VALUES ($1, $2, $3) RETURNING "id"  [["animal", "Giraffe"], ["body", 529.0], ["brain", 680.0]]
  [1m[36m (0.4ms)[0m  [1mCOMMIT[0m
  [1m[35m (0.1ms)[0m  BEGIN
  [1m[36mSQL (0.2ms)[0m  [1mINSERT INTO "brains" ("animal", "body", "brain") VALUES ($1, $2, $3) RETURNING "id"[0m  [["animal", "Gorilla"], ["body", 207.0], ["brain", 406.0]]
  [1m[35m (0.4ms)[0m  COMMIT
  [1m[36m (0.1ms)[0m  [1mBEGIN[0m
  [1m[35mSQL (0.3ms)[0m  INSERT INTO "brains" ("animal", "body", "brain") VALUES ($1, $2, $3) RETURNING "id"  [["animal", "Human"], ["body", 62.0], ["brain", 1320.0]]
  [1m[36m (0.3ms)[0m  [1mCOMMIT[0m
  [1m[35m (0.1ms)[0m  BEGIN
  [1m[36mSQL (0.2ms)[0m  [1mINSERT INTO "brains" ("animal", "body", "brain") VALUES ($1, $2, $3) RETURNING "id"[0m  [["animal", "African elephant"], ["body", 6654.0], ["brain", 5712.0]]
  [1m[35m (0.3ms)[0m  COMMIT
  [1m[36m (0.1ms)[0m  [1mBEGIN[0m
  [1m[35mSQL (0.3ms)[0m  INSERT INTO "brains" ("animal", "body", "brain") VALUES ($1, $2, $3) RETURNING "id"  [["animal", "Triceratops"], ["body", 9400.0], ["brain", 70.0]]
  [1m[36m (0.4ms)[0m  [1mCOMMIT[0m
  [1m[35m (0.2ms)[0m  BEGIN
  [1m[36mSQL (0.3ms)[0m  [1mINSERT INTO "brains" ("animal", "body", "brain") VALUES ($1, $2, $3) RETURNING "id"[0m  [["animal", "Rhesus monkey"], ["body", 6.8], ["brain", 179.0]]
  [1m[35m (0.4ms)[0m  COMMIT
  [1m[36m (0.1ms)[0m  [1mBEGIN[0m
  [1m[35mSQL (0.3ms)[0m  INSERT INTO "brains" ("animal", "body", "brain") VALUES ($1, $2, $3) RETURNING "id"  [["animal", "Kangaroo"], ["body", 35.0], ["brain", 56.0]]
  [1m[36m (0.4ms)[0m  [1mCOMMIT[0m
  [1m[35m (0.1ms)[0m  BEGIN
  [1m[36mSQL (0.2ms)[0m  [1mINSERT INTO "brains" ("animal", "body", "brain") VALUES ($1, $2, $3) RETURNING "id"[0m  [["animal", "Golden hamster"], ["body", 0.12], ["brain", 1.0]]
  [1m[35m (0.4ms)[0m  COMMIT
  [1m[36m (0.1ms)[0m  [1mBEGIN[0m
  [1m[35mSQL (0.2ms)[0m  INSERT INTO "brains" ("animal", "body", "brain") VALUES ($1, $2, $3) RETURNING "id"  [["animal", "Mouse"], ["body", 0.023], ["brain", 0.4]]
  [1m[36m (0.3ms)[0m  [1mCOMMIT[0m
  [1m[35m (0.1ms)[0m  BEGIN
  [1m[36mSQL (0.2ms)[0m  [1mINSERT INTO "brains" ("animal", "body", "brain") VALUES ($1, $2, $3) RETURNING "id"[0m  [["animal", "Rabbit"], ["body", 2.5], ["brain", 12.1]]
  [1m[35m (0.4ms)[0m  COMMIT
  [1m[36m (0.1ms)[0m  [1mBEGIN[0m
  [1m[35mSQL (0.2ms)[0m  INSERT INTO "brains" ("animal", "body", "brain") VALUES ($1, $2, $3) RETURNING "id"  [["animal", "Sheep"], ["body", 55.5], ["brain", 175.0]]
  [1m[36m (0.4ms)[0m  [1mCOMMIT[0m
  [1m[35m (0.1ms)[0m  BEGIN
  [1m[36mSQL (0.2ms)[0m  [1mINSERT INTO "brains" ("animal", "body", "brain") VALUES ($1, $2, $3) RETURNING "id"[0m  [["animal", "Jaguar"], ["body", 100.0], ["brain", 157.0]]
  [1m[35m (0.4ms)[0m  COMMIT
  [1m[36m (0.1ms)[0m  [1mBEGIN[0m
  [1m[35mSQL (0.2ms)[0m  INSERT INTO "brains" ("animal", "body", "brain") VALUES ($1, $2, $3) RETURNING "id"  [["animal", "Chimpanzee"], ["body", 52.16], ["brain", 440.0]]
  [1m[36m (0.4ms)[0m  [1mCOMMIT[0m
  [1m[35m (0.1ms)[0m  BEGIN
  [1m[36mSQL (0.2ms)[0m  [1mINSERT INTO "brains" ("animal", "body", "brain") VALUES ($1, $2, $3) RETURNING "id"[0m  [["animal", "Rat"], ["body", 0.28], ["brain", 1.9]]
  [1m[35m (0.3ms)[0m  COMMIT
  [1m[36m (0.1ms)[0m  [1mBEGIN[0m
  [1m[35mSQL (0.2ms)[0m  INSERT INTO "brains" ("animal", "body", "brain") VALUES ($1, $2, $3) RETURNING "id"  [["animal", "Brachiosaurus"], ["body", 87000.0], ["brain", 154.5]]
  [1m[36m (0.4ms)[0m  [1mCOMMIT[0m
  [1m[35m (0.1ms)[0m  BEGIN
  [1m[36mSQL (0.3ms)[0m  [1mINSERT INTO "brains" ("animal", "body", "brain") VALUES ($1, $2, $3) RETURNING "id"[0m  [["animal", "Mole"], ["body", 0.122], ["brain", 3.0]]
  [1m[35m (0.4ms)[0m  COMMIT
  [1m[36m (0.1ms)[0m  [1mBEGIN[0m
  [1m[35mSQL (0.3ms)[0m  INSERT INTO "brains" ("animal", "body", "brain") VALUES ($1, $2, $3) RETURNING "id"  [["animal", "Pig"], ["body", 192.0], ["brain", 180.0]]
  [1m[36m (0.4ms)[0m  [1mCOMMIT[0m


Started GET "/" for 127.0.0.1 at 2014-09-09 20:32:04 -0600
  [1m[36mActiveRecord::SchemaMigration Load (0.7ms)[0m  [1mSELECT "schema_migrations".* FROM "schema_migrations"[0m
Processing by BrainsController#index as HTML
  [1m[35mBrain Load (0.8ms)[0m  SELECT "brains".* FROM "brains"
  Rendered brains/index.html.erb within layouts/application (10.1ms)
Completed 200 OK in 88ms (Views: 71.6ms | ActiveRecord: 3.1ms)


Started GET "/assets/jquery.js?body=1" for 127.0.0.1 at 2014-09-09 20:32:05 -0600


Started GET "/assets/jquery_ujs.js?body=1" for 127.0.0.1 at 2014-09-09 20:32:05 -0600


Started GET "/assets/turbolinks.js?body=1" for 127.0.0.1 at 2014-09-09 20:32:05 -0600


Started GET "/assets/application.js?body=1" for 127.0.0.1 at 2014-09-09 20:32:05 -0600


Started GET "/assets/application.css?body=1" for 127.0.0.1 at 2014-09-09 20:32:05 -0600


Started GET "/" for 127.0.0.1 at 2014-09-09 20:32:54 -0600
Processing by BrainsController#index as HTML
  [1m[36mBrain Load (0.4ms)[0m  [1mSELECT "brains".* FROM "brains"[0m
  Rendered brains/index.html.erb within layouts/application (2.7ms)
Completed 200 OK in 40ms (Views: 39.2ms | ActiveRecord: 0.4ms)


Started GET "/assets/application.css?body=1" for 127.0.0.1 at 2014-09-09 20:32:54 -0600


Started GET "/assets/jquery.js?body=1" for 127.0.0.1 at 2014-09-09 20:32:54 -0600


Started GET "/assets/jquery_ujs.js?body=1" for 127.0.0.1 at 2014-09-09 20:32:54 -0600


Started GET "/assets/application.js?body=1" for 127.0.0.1 at 2014-09-09 20:32:54 -0600


Started GET "/assets/turbolinks.js?body=1" for 127.0.0.1 at 2014-09-09 20:32:54 -0600
  [1m[36m (3.0ms)[0m  [1mCREATE TABLE "schema_migrations" ("version" character varying(255) NOT NULL) [0m
  [1m[35m (1.6ms)[0m  CREATE UNIQUE INDEX  "unique_schema_migrations" ON "schema_migrations"  ("version")
  [1m[36mActiveRecord::SchemaMigration Load (0.6ms)[0m  [1mSELECT "schema_migrations".* FROM "schema_migrations"[0m
Migrating to CreateBrains (20140909194517)
  [1m[35m (0.2ms)[0m  BEGIN
  [1m[36m (3.7ms)[0m  [1mCREATE TABLE "brains" ("id" serial primary key, "animal" character varying(255), "body" float, "brain" float) [0m
  [1m[35mSQL (0.5ms)[0m  INSERT INTO "schema_migrations" ("version") VALUES ($1)  [["version", "20140909194517"]]
  [1m[36m (0.4ms)[0m  [1mCOMMIT[0m
  [1m[35mActiveRecord::SchemaMigration Load (0.3ms)[0m  SELECT "schema_migrations".* FROM "schema_migrations"


Started GET "/" for 127.0.0.1 at 2014-09-09 20:34:29 -0600
  [1m[36mActiveRecord::SchemaMigration Load (0.8ms)[0m  [1mSELECT "schema_migrations".* FROM "schema_migrations"[0m
Processing by BrainsController#index as HTML
  [1m[35mBrain Load (1.2ms)[0m  SELECT "brains".* FROM "brains"
  Rendered brains/index.html.erb within layouts/application (4.6ms)
Completed 200 OK in 72ms (Views: 54.3ms | ActiveRecord: 1.2ms)


Started GET "/assets/jquery.js?body=1" for 127.0.0.1 at 2014-09-09 20:34:30 -0600


Started GET "/assets/application.css?body=1" for 127.0.0.1 at 2014-09-09 20:34:30 -0600


Started GET "/assets/jquery_ujs.js?body=1" for 127.0.0.1 at 2014-09-09 20:34:30 -0600


Started GET "/assets/turbolinks.js?body=1" for 127.0.0.1 at 2014-09-09 20:34:30 -0600


Started GET "/assets/application.js?body=1" for 127.0.0.1 at 2014-09-09 20:34:30 -0600
  [1m[36mActiveRecord::SchemaMigration Load (0.5ms)[0m  [1mSELECT "schema_migrations".* FROM "schema_migrations"[0m
  [1m[35m (0.2ms)[0m  BEGIN
  [1m[36mSQL (8.9ms)[0m  [1mINSERT INTO "brains" ("animal", "body", "brain") VALUES ($1, $2, $3) RETURNING "id"[0m  [["animal", "Mountain beaver"], ["body", 1.35], ["brain", 8.1]]
  [1m[35m (0.6ms)[0m  COMMIT
  [1m[36m (0.1ms)[0m  [1mBEGIN[0m
  [1m[35mSQL (0.7ms)[0m  INSERT INTO "brains" ("animal", "body", "brain") VALUES ($1, $2, $3) RETURNING "id"  [["animal", "Cow"], ["body", 465.0], ["brain", 423.0]]
  [1m[36m (0.4ms)[0m  [1mCOMMIT[0m
  [1m[35m (0.1ms)[0m  BEGIN
  [1m[36mSQL (0.6ms)[0m  [1mINSERT INTO "brains" ("animal", "body", "brain") VALUES ($1, $2, $3) RETURNING "id"[0m  [["animal", "Grey wolf"], ["body", 36.33], ["brain", 119.5]]
  [1m[35m (0.4ms)[0m  COMMIT
  [1m[36m (0.1ms)[0m  [1mBEGIN[0m
  [1m[35mSQL (0.4ms)[0m  INSERT INTO "brains" ("animal", "body", "brain") VALUES ($1, $2, $3) RETURNING "id"  [["animal", "Goat"], ["body", 27.66], ["brain", 115.0]]
  [1m[36m (0.5ms)[0m  [1mCOMMIT[0m
  [1m[35m (0.1ms)[0m  BEGIN
  [1m[36mSQL (0.4ms)[0m  [1mINSERT INTO "brains" ("animal", "body", "brain") VALUES ($1, $2, $3) RETURNING "id"[0m  [["animal", "Guinea pig"], ["body", 1.04], ["brain", 5.5]]
  [1m[35m (0.4ms)[0m  COMMIT
  [1m[36m (0.2ms)[0m  [1mBEGIN[0m
  [1m[35mSQL (0.3ms)[0m  INSERT INTO "brains" ("animal", "body", "brain") VALUES ($1, $2, $3) RETURNING "id"  [["animal", "Dipliodocus"], ["body", 11700.0], ["brain", 50.0]]
  [1m[36m (0.4ms)[0m  [1mCOMMIT[0m
  [1m[35m (0.3ms)[0m  BEGIN
  [1m[36mSQL (0.3ms)[0m  [1mINSERT INTO "brains" ("animal", "body", "brain") VALUES ($1, $2, $3) RETURNING "id"[0m  [["animal", "Asian elephant"], ["body", 2547.0], ["brain", 4603.0]]
  [1m[35m (0.4ms)[0m  COMMIT
  [1m[36m (0.1ms)[0m  [1mBEGIN[0m
  [1m[35mSQL (0.2ms)[0m  INSERT INTO "brains" ("animal", "body", "brain") VALUES ($1, $2, $3) RETURNING "id"  [["animal", "Donkey"], ["body", 187.1], ["brain", 419.0]]
  [1m[36m (0.4ms)[0m  [1mCOMMIT[0m
  [1m[35m (0.1ms)[0m  BEGIN
  [1m[36mSQL (0.3ms)[0m  [1mINSERT INTO "brains" ("animal", "body", "brain") VALUES ($1, $2, $3) RETURNING "id"[0m  [["animal", "Horse"], ["body", 521.0], ["brain", 655.0]]
  [1m[35m (0.3ms)[0m  COMMIT
  [1m[36m (0.1ms)[0m  [1mBEGIN[0m
  [1m[35mSQL (0.2ms)[0m  INSERT INTO "brains" ("animal", "body", "brain") VALUES ($1, $2, $3) RETURNING "id"  [["animal", "Potar monkey"], ["body", 10.0], ["brain", 115.0]]
  [1m[36m (0.4ms)[0m  [1mCOMMIT[0m
  [1m[35m (0.1ms)[0m  BEGIN
  [1m[36mSQL (0.2ms)[0m  [1mINSERT INTO "brains" ("animal", "body", "brain") VALUES ($1, $2, $3) RETURNING "id"[0m  [["animal", "Cat"], ["body", 3.3], ["brain", 25.6]]
  [1m[35m (0.3ms)[0m  COMMIT
  [1m[36m (0.1ms)[0m  [1mBEGIN[0m
  [1m[35mSQL (0.2ms)[0m  INSERT INTO "brains" ("animal", "body", "brain") VALUES ($1, $2, $3) RETURNING "id"  [["animal", "Giraffe"], ["body", 529.0], ["brain", 680.0]]
  [1m[36m (0.3ms)[0m  [1mCOMMIT[0m
  [1m[35m (0.1ms)[0m  BEGIN
  [1m[36mSQL (0.2ms)[0m  [1mINSERT INTO "brains" ("animal", "body", "brain") VALUES ($1, $2, $3) RETURNING "id"[0m  [["animal", "Gorilla"], ["body", 207.0], ["brain", 406.0]]
  [1m[35m (0.3ms)[0m  COMMIT
  [1m[36m (0.1ms)[0m  [1mBEGIN[0m
  [1m[35mSQL (0.3ms)[0m  INSERT INTO "brains" ("animal", "body", "brain") VALUES ($1, $2, $3) RETURNING "id"  [["animal", "Human"], ["body", 62.0], ["brain", 1320.0]]
  [1m[36m (0.3ms)[0m  [1mCOMMIT[0m
  [1m[35m (0.1ms)[0m  BEGIN
  [1m[36mSQL (0.2ms)[0m  [1mINSERT INTO "brains" ("animal", "body", "brain") VALUES ($1, $2, $3) RETURNING "id"[0m  [["animal", "African elephant"], ["body", 6654.0], ["brain", 5712.0]]
  [1m[35m (0.4ms)[0m  COMMIT
  [1m[36m (0.1ms)[0m  [1mBEGIN[0m
  [1m[35mSQL (0.3ms)[0m  INSERT INTO "brains" ("animal", "body", "brain") VALUES ($1, $2, $3) RETURNING "id"  [["animal", "Triceratops"], ["body", 9400.0], ["brain", 70.0]]
  [1m[36m (0.4ms)[0m  [1mCOMMIT[0m
  [1m[35m (0.1ms)[0m  BEGIN
  [1m[36mSQL (0.3ms)[0m  [1mINSERT INTO "brains" ("animal", "body", "brain") VALUES ($1, $2, $3) RETURNING "id"[0m  [["animal", "Rhesus monkey"], ["body", 6.8], ["brain", 179.0]]
  [1m[35m (0.4ms)[0m  COMMIT
  [1m[36m (0.1ms)[0m  [1mBEGIN[0m
  [1m[35mSQL (0.2ms)[0m  INSERT INTO "brains" ("animal", "body", "brain") VALUES ($1, $2, $3) RETURNING "id"  [["animal", "Kangaroo"], ["body", 35.0], ["brain", 56.0]]
  [1m[36m (0.4ms)[0m  [1mCOMMIT[0m
  [1m[35m (0.1ms)[0m  BEGIN
  [1m[36mSQL (0.2ms)[0m  [1mINSERT INTO "brains" ("animal", "body", "brain") VALUES ($1, $2, $3) RETURNING "id"[0m  [["animal", "Golden hamster"], ["body", 0.12], ["brain", 1.0]]
  [1m[35m (0.3ms)[0m  COMMIT
  [1m[36m (0.1ms)[0m  [1mBEGIN[0m
  [1m[35mSQL (0.3ms)[0m  INSERT INTO "brains" ("animal", "body", "brain") VALUES ($1, $2, $3) RETURNING "id"  [["animal", "Mouse"], ["body", 0.023], ["brain", 0.4]]
  [1m[36m (0.4ms)[0m  [1mCOMMIT[0m
  [1m[35m (0.1ms)[0m  BEGIN
  [1m[36mSQL (0.2ms)[0m  [1mINSERT INTO "brains" ("animal", "body", "brain") VALUES ($1, $2, $3) RETURNING "id"[0m  [["animal", "Rabbit"], ["body", 2.5], ["brain", 12.1]]
  [1m[35m (0.4ms)[0m  COMMIT
  [1m[36m (0.1ms)[0m  [1mBEGIN[0m
  [1m[35mSQL (0.2ms)[0m  INSERT INTO "brains" ("animal", "body", "brain") VALUES ($1, $2, $3) RETURNING "id"  [["animal", "Sheep"], ["body", 55.5], ["brain", 175.0]]
  [1m[36m (0.4ms)[0m  [1mCOMMIT[0m
  [1m[35m (0.1ms)[0m  BEGIN
  [1m[36mSQL (0.2ms)[0m  [1mINSERT INTO "brains" ("animal", "body", "brain") VALUES ($1, $2, $3) RETURNING "id"[0m  [["animal", "Jaguar"], ["body", 100.0], ["brain", 157.0]]
  [1m[35m (0.3ms)[0m  COMMIT
  [1m[36m (0.1ms)[0m  [1mBEGIN[0m
  [1m[35mSQL (0.3ms)[0m  INSERT INTO "brains" ("animal", "body", "brain") VALUES ($1, $2, $3) RETURNING "id"  [["animal", "Chimpanzee"], ["body", 52.16], ["brain", 440.0]]
  [1m[36m (0.4ms)[0m  [1mCOMMIT[0m
  [1m[35m (0.2ms)[0m  BEGIN
  [1m[36mSQL (0.3ms)[0m  [1mINSERT INTO "brains" ("animal", "body", "brain") VALUES ($1, $2, $3) RETURNING "id"[0m  [["animal", "Rat"], ["body", 0.28], ["brain", 1.9]]
  [1m[35m (0.4ms)[0m  COMMIT
  [1m[36m (0.1ms)[0m  [1mBEGIN[0m
  [1m[35mSQL (0.2ms)[0m  INSERT INTO "brains" ("animal", "body", "brain") VALUES ($1, $2, $3) RETURNING "id"  [["animal", "Brachiosaurus"], ["body", 87000.0], ["brain", 154.5]]
  [1m[36m (0.3ms)[0m  [1mCOMMIT[0m
  [1m[35m (0.1ms)[0m  BEGIN
  [1m[36mSQL (0.2ms)[0m  [1mINSERT INTO "brains" ("animal", "body", "brain") VALUES ($1, $2, $3) RETURNING "id"[0m  [["animal", "Mole"], ["body", 0.122], ["brain", 3.0]]
  [1m[35m (0.3ms)[0m  COMMIT
  [1m[36m (0.1ms)[0m  [1mBEGIN[0m
  [1m[35mSQL (0.2ms)[0m  INSERT INTO "brains" ("animal", "body", "brain") VALUES ($1, $2, $3) RETURNING "id"  [["animal", "Pig"], ["body", 192.0], ["brain", 180.0]]
  [1m[36m (0.4ms)[0m  [1mCOMMIT[0m


Started GET "/" for 127.0.0.1 at 2014-09-09 20:35:11 -0600
  [1m[36mActiveRecord::SchemaMigration Load (0.5ms)[0m  [1mSELECT "schema_migrations".* FROM "schema_migrations"[0m
Processing by BrainsController#index as HTML
  [1m[35mBrain Load (0.8ms)[0m  SELECT "brains".* FROM "brains"
  Rendered brains/index.html.erb within layouts/application (10.4ms)
Completed 200 OK in 72ms (Views: 57.7ms | ActiveRecord: 3.8ms)


Started GET "/assets/jquery.js?body=1" for 127.0.0.1 at 2014-09-09 20:35:12 -0600


Started GET "/assets/turbolinks.js?body=1" for 127.0.0.1 at 2014-09-09 20:35:12 -0600


Started GET "/assets/jquery_ujs.js?body=1" for 127.0.0.1 at 2014-09-09 20:35:12 -0600


Started GET "/assets/application.css?body=1" for 127.0.0.1 at 2014-09-09 20:35:12 -0600


Started GET "/assets/application.js?body=1" for 127.0.0.1 at 2014-09-09 20:35:12 -0600


Started GET "/" for 127.0.0.1 at 2014-09-09 20:38:29 -0600
Processing by BrainsController#index as HTML
  [1m[36mBrain Load (0.8ms)[0m  [1mSELECT "brains".* FROM "brains"[0m
  Rendered brains/index.html.erb within layouts/application (4.2ms)
Completed 200 OK in 50ms (Views: 48.3ms | ActiveRecord: 0.8ms)


Started GET "/assets/jquery.js?body=1" for 127.0.0.1 at 2014-09-09 20:38:29 -0600


Started GET "/assets/jquery_ujs.js?body=1" for 127.0.0.1 at 2014-09-09 20:38:29 -0600


Started GET "/assets/application.js?body=1" for 127.0.0.1 at 2014-09-09 20:38:29 -0600


Started GET "/assets/turbolinks.js?body=1" for 127.0.0.1 at 2014-09-09 20:38:29 -0600


Started GET "/assets/application.css?body=1" for 127.0.0.1 at 2014-09-09 20:38:29 -0600


Started GET "/" for 127.0.0.1 at 2014-09-09 20:42:46 -0600
Processing by BrainsController#index as HTML
  [1m[35mBrain Load (0.4ms)[0m  SELECT "brains".* FROM "brains"
  Rendered brains/index.html.erb within layouts/application (2.4ms)
Completed 200 OK in 31ms (Views: 30.2ms | ActiveRecord: 0.4ms)


Started GET "/assets/application.css?body=1" for 127.0.0.1 at 2014-09-09 20:42:46 -0600


Started GET "/assets/jquery.js?body=1" for 127.0.0.1 at 2014-09-09 20:42:46 -0600


Started GET "/assets/jquery_ujs.js?body=1" for 127.0.0.1 at 2014-09-09 20:42:46 -0600


Started GET "/assets/turbolinks.js?body=1" for 127.0.0.1 at 2014-09-09 20:42:46 -0600


Started GET "/assets/application.js?body=1" for 127.0.0.1 at 2014-09-09 20:42:46 -0600
  [1m[36m (10.7ms)[0m  [1mCREATE TABLE "schema_migrations" ("version" character varying(255) NOT NULL) [0m
  [1m[35m (5.6ms)[0m  CREATE UNIQUE INDEX  "unique_schema_migrations" ON "schema_migrations"  ("version")
  [1m[36mActiveRecord::SchemaMigration Load (0.6ms)[0m  [1mSELECT "schema_migrations".* FROM "schema_migrations"[0m
Migrating to CreateBrains (20140909194517)
  [1m[35m (0.2ms)[0m  BEGIN
  [1m[36m (6.6ms)[0m  [1mCREATE TABLE "brains" ("id" serial primary key, "animal" character varying(255), "body" float, "brain" float) [0m
  [1m[35mSQL (0.6ms)[0m  INSERT INTO "schema_migrations" ("version") VALUES ($1)  [["version", "20140909194517"]]
  [1m[36m (0.5ms)[0m  [1mCOMMIT[0m
  [1m[35mActiveRecord::SchemaMigration Load (0.4ms)[0m  SELECT "schema_migrations".* FROM "schema_migrations"


Started GET "/" for 127.0.0.1 at 2014-09-10 13:08:02 -0600
  [1m[36mActiveRecord::SchemaMigration Load (0.5ms)[0m  [1mSELECT "schema_migrations".* FROM "schema_migrations"[0m
Processing by BrainsController#index as HTML
  [1m[35mBrain Load (1.5ms)[0m  SELECT "brains".* FROM "brains"
  Rendered brains/index.html.erb within layouts/application (5.8ms)
Completed 200 OK in 91ms (Views: 74.8ms | ActiveRecord: 1.5ms)


Started GET "/assets/application.css?body=1" for 127.0.0.1 at 2014-09-10 13:08:03 -0600


Started GET "/assets/jquery.js?body=1" for 127.0.0.1 at 2014-09-10 13:08:03 -0600


Started GET "/assets/jquery_ujs.js?body=1" for 127.0.0.1 at 2014-09-10 13:08:03 -0600


Started GET "/assets/turbolinks.js?body=1" for 127.0.0.1 at 2014-09-10 13:08:03 -0600


Started GET "/assets/application.js?body=1" for 127.0.0.1 at 2014-09-10 13:08:03 -0600
  [1m[36mActiveRecord::SchemaMigration Load (0.5ms)[0m  [1mSELECT "schema_migrations".* FROM "schema_migrations"[0m
  [1m[35m (0.3ms)[0m  BEGIN
  [1m[36mSQL (1.5ms)[0m  [1mINSERT INTO "brains" ("animal", "body", "brain") VALUES ($1, $2, $3) RETURNING "id"[0m  [["animal", "Mountain beaver"], ["body", 1.35], ["brain", 8.1]]
  [1m[35m (0.5ms)[0m  COMMIT
  [1m[36m (0.1ms)[0m  [1mBEGIN[0m
  [1m[35mSQL (0.3ms)[0m  INSERT INTO "brains" ("animal", "body", "brain") VALUES ($1, $2, $3) RETURNING "id"  [["animal", "Cow"], ["body", 465.0], ["brain", 423.0]]
  [1m[36m (0.4ms)[0m  [1mCOMMIT[0m
  [1m[35m (0.1ms)[0m  BEGIN
  [1m[36mSQL (0.3ms)[0m  [1mINSERT INTO "brains" ("animal", "body", "brain") VALUES ($1, $2, $3) RETURNING "id"[0m  [["animal", "Grey wolf"], ["body", 36.33], ["brain", 119.5]]
  [1m[35m (0.3ms)[0m  COMMIT
  [1m[36m (0.1ms)[0m  [1mBEGIN[0m
  [1m[35mSQL (0.4ms)[0m  INSERT INTO "brains" ("animal", "body", "brain") VALUES ($1, $2, $3) RETURNING "id"  [["animal", "Goat"], ["body", 27.66], ["brain", 115.0]]
  [1m[36m (0.4ms)[0m  [1mCOMMIT[0m
  [1m[35m (0.1ms)[0m  BEGIN
  [1m[36mSQL (0.3ms)[0m  [1mINSERT INTO "brains" ("animal", "body", "brain") VALUES ($1, $2, $3) RETURNING "id"[0m  [["animal", "Guinea pig"], ["body", 1.04], ["brain", 5.5]]
  [1m[35m (0.4ms)[0m  COMMIT
  [1m[36m (0.1ms)[0m  [1mBEGIN[0m
  [1m[35mSQL (0.3ms)[0m  INSERT INTO "brains" ("animal", "body", "brain") VALUES ($1, $2, $3) RETURNING "id"  [["animal", "Dipliodocus"], ["body", 11700.0], ["brain", 50.0]]
  [1m[36m (0.4ms)[0m  [1mCOMMIT[0m
  [1m[35m (0.1ms)[0m  BEGIN
  [1m[36mSQL (0.3ms)[0m  [1mINSERT INTO "brains" ("animal", "body", "brain") VALUES ($1, $2, $3) RETURNING "id"[0m  [["animal", "Asian elephant"], ["body", 2547.0], ["brain", 4603.0]]
  [1m[35m (0.4ms)[0m  COMMIT
  [1m[36m (0.1ms)[0m  [1mBEGIN[0m
  [1m[35mSQL (0.2ms)[0m  INSERT INTO "brains" ("animal", "body", "brain") VALUES ($1, $2, $3) RETURNING "id"  [["animal", "Donkey"], ["body", 187.1], ["brain", 419.0]]
  [1m[36m (0.4ms)[0m  [1mCOMMIT[0m
  [1m[35m (0.2ms)[0m  BEGIN
  [1m[36mSQL (0.3ms)[0m  [1mINSERT INTO "brains" ("animal", "body", "brain") VALUES ($1, $2, $3) RETURNING "id"[0m  [["animal", "Horse"], ["body", 521.0], ["brain", 655.0]]
  [1m[35m (0.3ms)[0m  COMMIT
  [1m[36m (0.1ms)[0m  [1mBEGIN[0m
  [1m[35mSQL (0.3ms)[0m  INSERT INTO "brains" ("animal", "body", "brain") VALUES ($1, $2, $3) RETURNING "id"  [["animal", "Potar monkey"], ["body", 10.0], ["brain", 115.0]]
  [1m[36m (0.4ms)[0m  [1mCOMMIT[0m
  [1m[35m (0.2ms)[0m  BEGIN
  [1m[36mSQL (0.2ms)[0m  [1mINSERT INTO "brains" ("animal", "body", "brain") VALUES ($1, $2, $3) RETURNING "id"[0m  [["animal", "Cat"], ["body", 3.3], ["brain", 25.6]]
  [1m[35m (0.4ms)[0m  COMMIT
  [1m[36m (0.1ms)[0m  [1mBEGIN[0m
  [1m[35mSQL (0.2ms)[0m  INSERT INTO "brains" ("animal", "body", "brain") VALUES ($1, $2, $3) RETURNING "id"  [["animal", "Giraffe"], ["body", 529.0], ["brain", 680.0]]
  [1m[36m (0.4ms)[0m  [1mCOMMIT[0m
  [1m[35m (0.1ms)[0m  BEGIN
  [1m[36mSQL (0.2ms)[0m  [1mINSERT INTO "brains" ("animal", "body", "brain") VALUES ($1, $2, $3) RETURNING "id"[0m  [["animal", "Gorilla"], ["body", 207.0], ["brain", 406.0]]
  [1m[35m (0.3ms)[0m  COMMIT
  [1m[36m (0.1ms)[0m  [1mBEGIN[0m
  [1m[35mSQL (0.2ms)[0m  INSERT INTO "brains" ("animal", "body", "brain") VALUES ($1, $2, $3) RETURNING "id"  [["animal", "Human"], ["body", 62.0], ["brain", 1320.0]]
  [1m[36m (0.4ms)[0m  [1mCOMMIT[0m
  [1m[35m (0.1ms)[0m  BEGIN
  [1m[36mSQL (0.2ms)[0m  [1mINSERT INTO "brains" ("animal", "body", "brain") VALUES ($1, $2, $3) RETURNING "id"[0m  [["animal", "African elephant"], ["body", 6654.0], ["brain", 5712.0]]
  [1m[35m (0.4ms)[0m  COMMIT
  [1m[36m (0.1ms)[0m  [1mBEGIN[0m
  [1m[35mSQL (0.2ms)[0m  INSERT INTO "brains" ("animal", "body", "brain") VALUES ($1, $2, $3) RETURNING "id"  [["animal", "Triceratops"], ["body", 9400.0], ["brain", 70.0]]
  [1m[36m (0.4ms)[0m  [1mCOMMIT[0m
  [1m[35m (0.1ms)[0m  BEGIN
  [1m[36mSQL (0.2ms)[0m  [1mINSERT INTO "brains" ("animal", "body", "brain") VALUES ($1, $2, $3) RETURNING "id"[0m  [["animal", "Rhesus monkey"], ["body", 6.8], ["brain", 179.0]]
  [1m[35m (0.4ms)[0m  COMMIT
  [1m[36m (0.1ms)[0m  [1mBEGIN[0m
  [1m[35mSQL (0.2ms)[0m  INSERT INTO "brains" ("animal", "body", "brain") VALUES ($1, $2, $3) RETURNING "id"  [["animal", "Kangaroo"], ["body", 35.0], ["brain", 56.0]]
  [1m[36m (0.4ms)[0m  [1mCOMMIT[0m
  [1m[35m (0.1ms)[0m  BEGIN
  [1m[36mSQL (0.3ms)[0m  [1mINSERT INTO "brains" ("animal", "body", "brain") VALUES ($1, $2, $3) RETURNING "id"[0m  [["animal", "Golden hamster"], ["body", 0.12], ["brain", 1.0]]
  [1m[35m (0.4ms)[0m  COMMIT
  [1m[36m (0.1ms)[0m  [1mBEGIN[0m
  [1m[35mSQL (0.2ms)[0m  INSERT INTO "brains" ("animal", "body", "brain") VALUES ($1, $2, $3) RETURNING "id"  [["animal", "Mouse"], ["body", 0.023], ["brain", 0.4]]
  [1m[36m (0.4ms)[0m  [1mCOMMIT[0m
  [1m[35m (0.1ms)[0m  BEGIN
  [1m[36mSQL (0.2ms)[0m  [1mINSERT INTO "brains" ("animal", "body", "brain") VALUES ($1, $2, $3) RETURNING "id"[0m  [["animal", "Rabbit"], ["body", 2.5], ["brain", 12.1]]
  [1m[35m (0.3ms)[0m  COMMIT
  [1m[36m (0.1ms)[0m  [1mBEGIN[0m
  [1m[35mSQL (0.2ms)[0m  INSERT INTO "brains" ("animal", "body", "brain") VALUES ($1, $2, $3) RETURNING "id"  [["animal", "Sheep"], ["body", 55.5], ["brain", 175.0]]
  [1m[36m (0.3ms)[0m  [1mCOMMIT[0m
  [1m[35m (0.1ms)[0m  BEGIN
  [1m[36mSQL (0.2ms)[0m  [1mINSERT INTO "brains" ("animal", "body", "brain") VALUES ($1, $2, $3) RETURNING "id"[0m  [["animal", "Jaguar"], ["body", 100.0], ["brain", 157.0]]
  [1m[35m (0.4ms)[0m  COMMIT
  [1m[36m (0.1ms)[0m  [1mBEGIN[0m
  [1m[35mSQL (0.2ms)[0m  INSERT INTO "brains" ("animal", "body", "brain") VALUES ($1, $2, $3) RETURNING "id"  [["animal", "Chimpanzee"], ["body", 52.16], ["brain", 440.0]]
  [1m[36m (0.4ms)[0m  [1mCOMMIT[0m
  [1m[35m (0.2ms)[0m  BEGIN
  [1m[36mSQL (0.3ms)[0m  [1mINSERT INTO "brains" ("animal", "body", "brain") VALUES ($1, $2, $3) RETURNING "id"[0m  [["animal", "Rat"], ["body", 0.28], ["brain", 1.9]]
  [1m[35m (0.4ms)[0m  COMMIT
  [1m[36m (0.1ms)[0m  [1mBEGIN[0m
  [1m[35mSQL (0.2ms)[0m  INSERT INTO "brains" ("animal", "body", "brain") VALUES ($1, $2, $3) RETURNING "id"  [["animal", "Brachiosaurus"], ["body", 87000.0], ["brain", 154.5]]
  [1m[36m (0.3ms)[0m  [1mCOMMIT[0m
  [1m[35m (0.1ms)[0m  BEGIN
  [1m[36mSQL (0.2ms)[0m  [1mINSERT INTO "brains" ("animal", "body", "brain") VALUES ($1, $2, $3) RETURNING "id"[0m  [["animal", "Mole"], ["body", 0.122], ["brain", 3.0]]
  [1m[35m (0.3ms)[0m  COMMIT
  [1m[36m (0.1ms)[0m  [1mBEGIN[0m
  [1m[35mSQL (0.2ms)[0m  INSERT INTO "brains" ("animal", "body", "brain") VALUES ($1, $2, $3) RETURNING "id"  [["animal", "Pig"], ["body", 192.0], ["brain", 180.0]]
  [1m[36m (0.4ms)[0m  [1mCOMMIT[0m


Started GET "/" for 127.0.0.1 at 2014-09-10 13:10:01 -0600
  [1m[36mActiveRecord::SchemaMigration Load (0.5ms)[0m  [1mSELECT "schema_migrations".* FROM "schema_migrations"[0m
Processing by BrainsController#index as HTML
  [1m[35mBrain Load (9.7ms)[0m  SELECT "brains".* FROM "brains"
  Rendered brains/index.html.erb within layouts/application (21.1ms)
Completed 200 OK in 86ms (Views: 61.5ms | ActiveRecord: 13.3ms)


Started GET "/assets/jquery.js?body=1" for 127.0.0.1 at 2014-09-10 13:10:01 -0600


Started GET "/assets/application.css?body=1" for 127.0.0.1 at 2014-09-10 13:10:01 -0600


Started GET "/assets/jquery_ujs.js?body=1" for 127.0.0.1 at 2014-09-10 13:10:01 -0600


Started GET "/assets/turbolinks.js?body=1" for 127.0.0.1 at 2014-09-10 13:10:01 -0600


Started GET "/assets/application.js?body=1" for 127.0.0.1 at 2014-09-10 13:10:02 -0600
  [1m[36m (15.6ms)[0m  [1mCREATE TABLE "schema_migrations" ("version" character varying(255) NOT NULL) [0m
  [1m[35m (6.6ms)[0m  CREATE UNIQUE INDEX  "unique_schema_migrations" ON "schema_migrations"  ("version")
  [1m[36mActiveRecord::SchemaMigration Load (0.7ms)[0m  [1mSELECT "schema_migrations".* FROM "schema_migrations"[0m
Migrating to CreateBrains (20140909194517)
  [1m[35m (0.2ms)[0m  BEGIN
  [1m[36m (12.6ms)[0m  [1mCREATE TABLE "brains" ("id" serial primary key, "animal" character varying(255), "body" float, "brain" float) [0m
  [1m[35mSQL (0.8ms)[0m  INSERT INTO "schema_migrations" ("version") VALUES ($1)  [["version", "20140909194517"]]
  [1m[36m (0.4ms)[0m  [1mCOMMIT[0m
  [1m[35mActiveRecord::SchemaMigration Load (0.4ms)[0m  SELECT "schema_migrations".* FROM "schema_migrations"
  [1m[36mActiveRecord::SchemaMigration Load (0.5ms)[0m  [1mSELECT "schema_migrations".* FROM "schema_migrations"[0m
  [1m[36mActiveRecord::SchemaMigration Load (0.9ms)[0m  [1mSELECT "schema_migrations".* FROM "schema_migrations"[0m
